C:\Program Files (x86)\Microsoft Visual Studio\2019\Community\MSBuild\Microsoft\VC\v160\Microsoft.CppBuild.targets(452,5): warning MSB8028: The intermediate directory (x64\Release\) contains files shared from another project (OpenCV.vcxproj).  This can lead to incorrect clean and rebuild behavior.
  Main.cpp
D:\Project\CWorkspace\cvdataset\cvdataset\Main.cpp(90,37): warning C4244:  '=': conversion from 'double' to '_Tp', possible loss of data
D:\Project\CWorkspace\cvdataset\cvdataset\Main.cpp(90,37): warning C4244:         with
D:\Project\CWorkspace\cvdataset\cvdataset\Main.cpp(90,37): warning C4244:         [
D:\Project\CWorkspace\cvdataset\cvdataset\Main.cpp(90,37): warning C4244:             _Tp=float
D:\Project\CWorkspace\cvdataset\cvdataset\Main.cpp(90,37): warning C4244:         ]
D:\Project\CWorkspace\cvdataset\cvdataset\Main.cpp(91,37): warning C4244:  '=': conversion from 'double' to '_Tp', possible loss of data
D:\Project\CWorkspace\cvdataset\cvdataset\Main.cpp(91,37): warning C4244:         with
D:\Project\CWorkspace\cvdataset\cvdataset\Main.cpp(91,37): warning C4244:         [
D:\Project\CWorkspace\cvdataset\cvdataset\Main.cpp(91,37): warning C4244:             _Tp=float
D:\Project\CWorkspace\cvdataset\cvdataset\Main.cpp(91,37): warning C4244:         ]
D:\Project\CWorkspace\cvdataset\cvdataset\Main.cpp(92,37): warning C4244:  '=': conversion from 'double' to '_Tp', possible loss of data
D:\Project\CWorkspace\cvdataset\cvdataset\Main.cpp(92,37): warning C4244:         with
D:\Project\CWorkspace\cvdataset\cvdataset\Main.cpp(92,37): warning C4244:         [
D:\Project\CWorkspace\cvdataset\cvdataset\Main.cpp(92,37): warning C4244:             _Tp=float
D:\Project\CWorkspace\cvdataset\cvdataset\Main.cpp(92,37): warning C4244:         ]
  Generating code
  1 of 599 functions ( 0.2%) were compiled, the rest were copied from previous compilation.
    0 functions were new in current compilation
    1 functions had inline decision re-evaluated but remain unchanged
  Finished generating code
  cvdataset.vcxproj -> D:\Project\CWorkspace\cvdataset\x64\Release\cvdataset.exe
